app/build/intermediates/manifest_merge_blame_file/release/processReleaseMainManifest/manifest-merger-blame-release-report.txt
1<?xml version="1.0" encoding="utf-8"?>
2<manifest xmlns:android="http://schemas.android.com/apk/res/android"
3    package="com.quezic"
4    android:versionCode="1"
5    android:versionName="1.0.0" >
6
7    <uses-sdk
8        android:minSdkVersion="26"
9        android:targetSdkVersion="34" />
10
11    <!-- Network permissions -->
12    <uses-permission android:name="android.permission.INTERNET" />
12-->src/main/AndroidManifest.xml:6:5-67
12-->src/main/AndroidManifest.xml:6:22-64
13    <uses-permission android:name="android.permission.ACCESS_NETWORK_STATE" />
13-->src/main/AndroidManifest.xml:7:5-79
13-->src/main/AndroidManifest.xml:7:22-76
14
15    <!-- Storage permissions -->
16    <uses-permission
16-->src/main/AndroidManifest.xml:10:5-11:38
17        android:name="android.permission.READ_EXTERNAL_STORAGE"
17-->src/main/AndroidManifest.xml:10:22-77
18        android:maxSdkVersion="32" />
18-->src/main/AndroidManifest.xml:11:9-35
19    <uses-permission
19-->src/main/AndroidManifest.xml:12:5-14:40
20        android:name="android.permission.WRITE_EXTERNAL_STORAGE"
20-->src/main/AndroidManifest.xml:12:22-78
21        android:maxSdkVersion="29" />
21-->src/main/AndroidManifest.xml:13:9-35
22    <uses-permission android:name="android.permission.READ_MEDIA_AUDIO" />
22-->src/main/AndroidManifest.xml:15:5-75
22-->src/main/AndroidManifest.xml:15:22-72
23
24    <!-- Foreground service permissions -->
25    <uses-permission android:name="android.permission.FOREGROUND_SERVICE" />
25-->src/main/AndroidManifest.xml:18:5-77
25-->src/main/AndroidManifest.xml:18:22-74
26    <uses-permission android:name="android.permission.FOREGROUND_SERVICE_MEDIA_PLAYBACK" />
26-->src/main/AndroidManifest.xml:19:5-92
26-->src/main/AndroidManifest.xml:19:22-89
27    <uses-permission android:name="android.permission.FOREGROUND_SERVICE_DATA_SYNC" />
27-->src/main/AndroidManifest.xml:20:5-87
27-->src/main/AndroidManifest.xml:20:22-84
28    <uses-permission android:name="android.permission.POST_NOTIFICATIONS" />
28-->src/main/AndroidManifest.xml:21:5-77
28-->src/main/AndroidManifest.xml:21:22-74
29    <uses-permission android:name="android.permission.WAKE_LOCK" />
29-->src/main/AndroidManifest.xml:22:5-68
29-->src/main/AndroidManifest.xml:22:22-65
30
31    <!-- Audio visualizer -->
32    <uses-permission android:name="android.permission.RECORD_AUDIO" />
32-->src/main/AndroidManifest.xml:25:5-71
32-->src/main/AndroidManifest.xml:25:22-68
33    <uses-permission android:name="android.permission.MODIFY_AUDIO_SETTINGS" />
33-->src/main/AndroidManifest.xml:26:5-80
33-->src/main/AndroidManifest.xml:26:22-77
34
35    <!-- Bluetooth audio -->
36    <uses-permission
36-->src/main/AndroidManifest.xml:29:5-95
37        android:name="android.permission.BLUETOOTH"
37-->src/main/AndroidManifest.xml:29:22-65
38        android:maxSdkVersion="30" />
38-->src/main/AndroidManifest.xml:29:66-92
39    <uses-permission android:name="android.permission.BLUETOOTH_CONNECT" />
39-->src/main/AndroidManifest.xml:30:5-76
39-->src/main/AndroidManifest.xml:30:22-73
40    <uses-permission android:name="android.permission.RECEIVE_BOOT_COMPLETED" />
40-->[androidx.work:work-runtime:2.9.0] AndroidManifest.xml:25:5-81
40-->[androidx.work:work-runtime:2.9.0] AndroidManifest.xml:25:22-78
41
42    <permission
42-->[androidx.core:core:1.12.0] AndroidManifest.xml:22:5-24:47
43        android:name="com.quezic.DYNAMIC_RECEIVER_NOT_EXPORTED_PERMISSION"
43-->[androidx.core:core:1.12.0] AndroidManifest.xml:23:9-81
44        android:protectionLevel="signature" />
44-->[androidx.core:core:1.12.0] AndroidManifest.xml:24:9-44
45
46    <uses-permission android:name="com.quezic.DYNAMIC_RECEIVER_NOT_EXPORTED_PERMISSION" />
46-->[androidx.core:core:1.12.0] AndroidManifest.xml:26:5-97
46-->[androidx.core:core:1.12.0] AndroidManifest.xml:26:22-94
47
48    <application
48-->src/main/AndroidManifest.xml:32:5-88:19
49        android:name="com.quezic.QuezicApp"
49-->src/main/AndroidManifest.xml:33:9-34
50        android:allowBackup="true"
50-->src/main/AndroidManifest.xml:34:9-35
51        android:appComponentFactory="androidx.core.app.CoreComponentFactory"
51-->[androidx.core:core:1.12.0] AndroidManifest.xml:28:18-86
52        android:extractNativeLibs="false"
53        android:icon="@mipmap/ic_launcher"
53-->src/main/AndroidManifest.xml:35:9-43
54        android:label="@string/app_name"
54-->src/main/AndroidManifest.xml:36:9-41
55        android:roundIcon="@mipmap/ic_launcher_round"
55-->src/main/AndroidManifest.xml:37:9-54
56        android:supportsRtl="true"
56-->src/main/AndroidManifest.xml:38:9-35
57        android:theme="@style/Theme.Quezic"
57-->src/main/AndroidManifest.xml:39:9-44
58        android:usesCleartextTraffic="true" >
58-->src/main/AndroidManifest.xml:40:9-44
59        <activity
59-->src/main/AndroidManifest.xml:43:9-52:20
60            android:name="com.quezic.MainActivity"
60-->src/main/AndroidManifest.xml:44:13-41
61            android:exported="true"
61-->src/main/AndroidManifest.xml:45:13-36
62            android:launchMode="singleTop"
62-->src/main/AndroidManifest.xml:47:13-43
63            android:theme="@style/Theme.Quezic" >
63-->src/main/AndroidManifest.xml:46:13-48
64            <intent-filter>
64-->src/main/AndroidManifest.xml:48:13-51:29
65                <action android:name="android.intent.action.MAIN" />
65-->src/main/AndroidManifest.xml:49:17-69
65-->src/main/AndroidManifest.xml:49:25-66
66
67                <category android:name="android.intent.category.LAUNCHER" />
67-->src/main/AndroidManifest.xml:50:17-77
67-->src/main/AndroidManifest.xml:50:27-74
68            </intent-filter>
69        </activity>
70
71        <!-- Media Playback Service -->
72        <service
72-->src/main/AndroidManifest.xml:55:9-62:19
73            android:name="com.quezic.player.PlaybackService"
73-->src/main/AndroidManifest.xml:56:13-51
74            android:exported="true"
74-->src/main/AndroidManifest.xml:57:13-36
75            android:foregroundServiceType="mediaPlayback" >
75-->src/main/AndroidManifest.xml:58:13-58
76            <intent-filter>
76-->src/main/AndroidManifest.xml:59:13-61:29
77                <action android:name="androidx.media3.session.MediaSessionService" />
77-->src/main/AndroidManifest.xml:60:17-86
77-->src/main/AndroidManifest.xml:60:25-83
78            </intent-filter>
79        </service>
80
81        <!-- Download Service -->
82        <service
82-->src/main/AndroidManifest.xml:65:9-68:56
83            android:name="com.quezic.download.DownloadService"
83-->src/main/AndroidManifest.xml:66:13-53
84            android:exported="false"
84-->src/main/AndroidManifest.xml:67:13-37
85            android:foregroundServiceType="dataSync" />
85-->src/main/AndroidManifest.xml:68:13-53
86
87        <!-- WorkManager's foreground service for API 34+ -->
88        <service
88-->src/main/AndroidManifest.xml:71:9-74:34
89            android:name="androidx.work.impl.foreground.SystemForegroundService"
89-->src/main/AndroidManifest.xml:72:13-81
90            android:directBootAware="false"
90-->[androidx.work:work-runtime:2.9.0] AndroidManifest.xml:55:13-44
91            android:enabled="@bool/enable_system_foreground_service_default"
91-->[androidx.work:work-runtime:2.9.0] AndroidManifest.xml:56:13-77
92            android:exported="false"
92-->[androidx.work:work-runtime:2.9.0] AndroidManifest.xml:57:13-37
93            android:foregroundServiceType="dataSync" />
93-->src/main/AndroidManifest.xml:73:13-53
94
95        <!-- WorkManager initialization -->
96        <provider
97            android:name="androidx.startup.InitializationProvider"
97-->src/main/AndroidManifest.xml:78:13-67
98            android:authorities="com.quezic.androidx-startup"
98-->src/main/AndroidManifest.xml:79:13-68
99            android:exported="false" >
99-->src/main/AndroidManifest.xml:80:13-37
100            <meta-data
100-->[androidx.emoji2:emoji2:1.3.0] AndroidManifest.xml:29:13-31:52
101                android:name="androidx.emoji2.text.EmojiCompatInitializer"
101-->[androidx.emoji2:emoji2:1.3.0] AndroidManifest.xml:30:17-75
102                android:value="androidx.startup" />
102-->[androidx.emoji2:emoji2:1.3.0] AndroidManifest.xml:31:17-49
103            <meta-data
103-->[androidx.lifecycle:lifecycle-process:2.7.0] AndroidManifest.xml:29:13-31:52
104                android:name="androidx.lifecycle.ProcessLifecycleInitializer"
104-->[androidx.lifecycle:lifecycle-process:2.7.0] AndroidManifest.xml:30:17-78
105                android:value="androidx.startup" />
105-->[androidx.lifecycle:lifecycle-process:2.7.0] AndroidManifest.xml:31:17-49
106            <meta-data
106-->[androidx.profileinstaller:profileinstaller:1.3.1] AndroidManifest.xml:29:13-31:52
107                android:name="androidx.profileinstaller.ProfileInstallerInitializer"
107-->[androidx.profileinstaller:profileinstaller:1.3.1] AndroidManifest.xml:30:17-85
108                android:value="androidx.startup" />
108-->[androidx.profileinstaller:profileinstaller:1.3.1] AndroidManifest.xml:31:17-49
109        </provider>
110
111        <service
111-->[androidx.work:work-runtime:2.9.0] AndroidManifest.xml:39:9-45:35
112            android:name="androidx.work.impl.background.systemalarm.SystemAlarmService"
112-->[androidx.work:work-runtime:2.9.0] AndroidManifest.xml:40:13-88
113            android:directBootAware="false"
113-->[androidx.work:work-runtime:2.9.0] AndroidManifest.xml:41:13-44
114            android:enabled="@bool/enable_system_alarm_service_default"
114-->[androidx.work:work-runtime:2.9.0] AndroidManifest.xml:42:13-72
115            android:exported="false" />
115-->[androidx.work:work-runtime:2.9.0] AndroidManifest.xml:43:13-37
116        <service
116-->[androidx.work:work-runtime:2.9.0] AndroidManifest.xml:46:9-52:35
117            android:name="androidx.work.impl.background.systemjob.SystemJobService"
117-->[androidx.work:work-runtime:2.9.0] AndroidManifest.xml:47:13-84
118            android:directBootAware="false"
118-->[androidx.work:work-runtime:2.9.0] AndroidManifest.xml:48:13-44
119            android:enabled="@bool/enable_system_job_service_default"
119-->[androidx.work:work-runtime:2.9.0] AndroidManifest.xml:49:13-70
120            android:exported="true"
120-->[androidx.work:work-runtime:2.9.0] AndroidManifest.xml:50:13-36
121            android:permission="android.permission.BIND_JOB_SERVICE" />
121-->[androidx.work:work-runtime:2.9.0] AndroidManifest.xml:51:13-69
122
123        <receiver
123-->[androidx.work:work-runtime:2.9.0] AndroidManifest.xml:61:9-66:35
124            android:name="androidx.work.impl.utils.ForceStopRunnable$BroadcastReceiver"
124-->[androidx.work:work-runtime:2.9.0] AndroidManifest.xml:62:13-88
125            android:directBootAware="false"
125-->[androidx.work:work-runtime:2.9.0] AndroidManifest.xml:63:13-44
126            android:enabled="true"
126-->[androidx.work:work-runtime:2.9.0] AndroidManifest.xml:64:13-35
127            android:exported="false" />
127-->[androidx.work:work-runtime:2.9.0] AndroidManifest.xml:65:13-37
128        <receiver
128-->[androidx.work:work-runtime:2.9.0] AndroidManifest.xml:67:9-77:20
129            android:name="androidx.work.impl.background.systemalarm.ConstraintProxy$BatteryChargingProxy"
129-->[androidx.work:work-runtime:2.9.0] AndroidManifest.xml:68:13-106
130            android:directBootAware="false"
130-->[androidx.work:work-runtime:2.9.0] AndroidManifest.xml:69:13-44
131            android:enabled="false"
131-->[androidx.work:work-runtime:2.9.0] AndroidManifest.xml:70:13-36
132            android:exported="false" >
132-->[androidx.work:work-runtime:2.9.0] AndroidManifest.xml:71:13-37
133            <intent-filter>
133-->[androidx.work:work-runtime:2.9.0] AndroidManifest.xml:73:13-76:29
134                <action android:name="android.intent.action.ACTION_POWER_CONNECTED" />
134-->[androidx.work:work-runtime:2.9.0] AndroidManifest.xml:74:17-87
134-->[androidx.work:work-runtime:2.9.0] AndroidManifest.xml:74:25-84
135                <action android:name="android.intent.action.ACTION_POWER_DISCONNECTED" />
135-->[androidx.work:work-runtime:2.9.0] AndroidManifest.xml:75:17-90
135-->[androidx.work:work-runtime:2.9.0] AndroidManifest.xml:75:25-87
136            </intent-filter>
137        </receiver>
138        <receiver
138-->[androidx.work:work-runtime:2.9.0] AndroidManifest.xml:78:9-88:20
139            android:name="androidx.work.impl.background.systemalarm.ConstraintProxy$BatteryNotLowProxy"
139-->[androidx.work:work-runtime:2.9.0] AndroidManifest.xml:79:13-104
140            android:directBootAware="false"
140-->[androidx.work:work-runtime:2.9.0] AndroidManifest.xml:80:13-44
141            android:enabled="false"
141-->[androidx.work:work-runtime:2.9.0] AndroidManifest.xml:81:13-36
142            android:exported="false" >
142-->[androidx.work:work-runtime:2.9.0] AndroidManifest.xml:82:13-37
143            <intent-filter>
143-->[androidx.work:work-runtime:2.9.0] AndroidManifest.xml:84:13-87:29
144                <action android:name="android.intent.action.BATTERY_OKAY" />
144-->[androidx.work:work-runtime:2.9.0] AndroidManifest.xml:85:17-77
144-->[androidx.work:work-runtime:2.9.0] AndroidManifest.xml:85:25-74
145                <action android:name="android.intent.action.BATTERY_LOW" />
145-->[androidx.work:work-runtime:2.9.0] AndroidManifest.xml:86:17-76
145-->[androidx.work:work-runtime:2.9.0] AndroidManifest.xml:86:25-73
146            </intent-filter>
147        </receiver>
148        <receiver
148-->[androidx.work:work-runtime:2.9.0] AndroidManifest.xml:89:9-99:20
149            android:name="androidx.work.impl.background.systemalarm.ConstraintProxy$StorageNotLowProxy"
149-->[androidx.work:work-runtime:2.9.0] AndroidManifest.xml:90:13-104
150            android:directBootAware="false"
150-->[androidx.work:work-runtime:2.9.0] AndroidManifest.xml:91:13-44
151            android:enabled="false"
151-->[androidx.work:work-runtime:2.9.0] AndroidManifest.xml:92:13-36
152            android:exported="false" >
152-->[androidx.work:work-runtime:2.9.0] AndroidManifest.xml:93:13-37
153            <intent-filter>
153-->[androidx.work:work-runtime:2.9.0] AndroidManifest.xml:95:13-98:29
154                <action android:name="android.intent.action.DEVICE_STORAGE_LOW" />
154-->[androidx.work:work-runtime:2.9.0] AndroidManifest.xml:96:17-83
154-->[androidx.work:work-runtime:2.9.0] AndroidManifest.xml:96:25-80
155                <action android:name="android.intent.action.DEVICE_STORAGE_OK" />
155-->[androidx.work:work-runtime:2.9.0] AndroidManifest.xml:97:17-82
155-->[androidx.work:work-runtime:2.9.0] AndroidManifest.xml:97:25-79
156            </intent-filter>
157        </receiver>
158        <receiver
158-->[androidx.work:work-runtime:2.9.0] AndroidManifest.xml:100:9-109:20
159            android:name="androidx.work.impl.background.systemalarm.ConstraintProxy$NetworkStateProxy"
159-->[androidx.work:work-runtime:2.9.0] AndroidManifest.xml:101:13-103
160            android:directBootAware="false"
160-->[androidx.work:work-runtime:2.9.0] AndroidManifest.xml:102:13-44
161            android:enabled="false"
161-->[androidx.work:work-runtime:2.9.0] AndroidManifest.xml:103:13-36
162            android:exported="false" >
162-->[androidx.work:work-runtime:2.9.0] AndroidManifest.xml:104:13-37
163            <intent-filter>
163-->[androidx.work:work-runtime:2.9.0] AndroidManifest.xml:106:13-108:29
164                <action android:name="android.net.conn.CONNECTIVITY_CHANGE" />
164-->[androidx.work:work-runtime:2.9.0] AndroidManifest.xml:107:17-79
164-->[androidx.work:work-runtime:2.9.0] AndroidManifest.xml:107:25-76
165            </intent-filter>
166        </receiver>
167        <receiver
167-->[androidx.work:work-runtime:2.9.0] AndroidManifest.xml:110:9-121:20
168            android:name="androidx.work.impl.background.systemalarm.RescheduleReceiver"
168-->[androidx.work:work-runtime:2.9.0] AndroidManifest.xml:111:13-88
169            android:directBootAware="false"
169-->[androidx.work:work-runtime:2.9.0] AndroidManifest.xml:112:13-44
170            android:enabled="false"
170-->[androidx.work:work-runtime:2.9.0] AndroidManifest.xml:113:13-36
171            android:exported="false" >
171-->[androidx.work:work-runtime:2.9.0] AndroidManifest.xml:114:13-37
172            <intent-filter>
172-->[androidx.work:work-runtime:2.9.0] AndroidManifest.xml:116:13-120:29
173                <action android:name="android.intent.action.BOOT_COMPLETED" />
173-->[androidx.work:work-runtime:2.9.0] AndroidManifest.xml:117:17-79
173-->[androidx.work:work-runtime:2.9.0] AndroidManifest.xml:117:25-76
174                <action android:name="android.intent.action.TIME_SET" />
174-->[androidx.work:work-runtime:2.9.0] AndroidManifest.xml:118:17-73
174-->[androidx.work:work-runtime:2.9.0] AndroidManifest.xml:118:25-70
175                <action android:name="android.intent.action.TIMEZONE_CHANGED" />
175-->[androidx.work:work-runtime:2.9.0] AndroidManifest.xml:119:17-81
175-->[androidx.work:work-runtime:2.9.0] AndroidManifest.xml:119:25-78
176            </intent-filter>
177        </receiver>
178        <receiver
178-->[androidx.work:work-runtime:2.9.0] AndroidManifest.xml:122:9-131:20
179            android:name="androidx.work.impl.background.systemalarm.ConstraintProxyUpdateReceiver"
179-->[androidx.work:work-runtime:2.9.0] AndroidManifest.xml:123:13-99
180            android:directBootAware="false"
180-->[androidx.work:work-runtime:2.9.0] AndroidManifest.xml:124:13-44
181            android:enabled="@bool/enable_system_alarm_service_default"
181-->[androidx.work:work-runtime:2.9.0] AndroidManifest.xml:125:13-72
182            android:exported="false" >
182-->[androidx.work:work-runtime:2.9.0] AndroidManifest.xml:126:13-37
183            <intent-filter>
183-->[androidx.work:work-runtime:2.9.0] AndroidManifest.xml:128:13-130:29
184                <action android:name="androidx.work.impl.background.systemalarm.UpdateProxies" />
184-->[androidx.work:work-runtime:2.9.0] AndroidManifest.xml:129:17-98
184-->[androidx.work:work-runtime:2.9.0] AndroidManifest.xml:129:25-95
185            </intent-filter>
186        </receiver>
187        <receiver
187-->[androidx.work:work-runtime:2.9.0] AndroidManifest.xml:132:9-142:20
188            android:name="androidx.work.impl.diagnostics.DiagnosticsReceiver"
188-->[androidx.work:work-runtime:2.9.0] AndroidManifest.xml:133:13-78
189            android:directBootAware="false"
189-->[androidx.work:work-runtime:2.9.0] AndroidManifest.xml:134:13-44
190            android:enabled="true"
190-->[androidx.work:work-runtime:2.9.0] AndroidManifest.xml:135:13-35
191            android:exported="true"
191-->[androidx.work:work-runtime:2.9.0] AndroidManifest.xml:136:13-36
192            android:permission="android.permission.DUMP" >
192-->[androidx.work:work-runtime:2.9.0] AndroidManifest.xml:137:13-57
193            <intent-filter>
193-->[androidx.work:work-runtime:2.9.0] AndroidManifest.xml:139:13-141:29
194                <action android:name="androidx.work.diagnostics.REQUEST_DIAGNOSTICS" />
194-->[androidx.work:work-runtime:2.9.0] AndroidManifest.xml:140:17-88
194-->[androidx.work:work-runtime:2.9.0] AndroidManifest.xml:140:25-85
195            </intent-filter>
196        </receiver>
197
198        <service
198-->[androidx.room:room-runtime:2.6.1] AndroidManifest.xml:24:9-28:63
199            android:name="androidx.room.MultiInstanceInvalidationService"
199-->[androidx.room:room-runtime:2.6.1] AndroidManifest.xml:25:13-74
200            android:directBootAware="true"
200-->[androidx.room:room-runtime:2.6.1] AndroidManifest.xml:26:13-43
201            android:exported="false" />
201-->[androidx.room:room-runtime:2.6.1] AndroidManifest.xml:27:13-37
202
203        <receiver
203-->[androidx.profileinstaller:profileinstaller:1.3.1] AndroidManifest.xml:34:9-52:20
204            android:name="androidx.profileinstaller.ProfileInstallReceiver"
204-->[androidx.profileinstaller:profileinstaller:1.3.1] AndroidManifest.xml:35:13-76
205            android:directBootAware="false"
205-->[androidx.profileinstaller:profileinstaller:1.3.1] AndroidManifest.xml:36:13-44
206            android:enabled="true"
206-->[androidx.profileinstaller:profileinstaller:1.3.1] AndroidManifest.xml:37:13-35
207            android:exported="true"
207-->[androidx.profileinstaller:profileinstaller:1.3.1] AndroidManifest.xml:38:13-36
208            android:permission="android.permission.DUMP" >
208-->[androidx.profileinstaller:profileinstaller:1.3.1] AndroidManifest.xml:39:13-57
209            <intent-filter>
209-->[androidx.profileinstaller:profileinstaller:1.3.1] AndroidManifest.xml:40:13-42:29
210                <action android:name="androidx.profileinstaller.action.INSTALL_PROFILE" />
210-->[androidx.profileinstaller:profileinstaller:1.3.1] AndroidManifest.xml:41:17-91
210-->[androidx.profileinstaller:profileinstaller:1.3.1] AndroidManifest.xml:41:25-88
211            </intent-filter>
212            <intent-filter>
212-->[androidx.profileinstaller:profileinstaller:1.3.1] AndroidManifest.xml:43:13-45:29
213                <action android:name="androidx.profileinstaller.action.SKIP_FILE" />
213-->[androidx.profileinstaller:profileinstaller:1.3.1] AndroidManifest.xml:44:17-85
213-->[androidx.profileinstaller:profileinstaller:1.3.1] AndroidManifest.xml:44:25-82
214            </intent-filter>
215            <intent-filter>
215-->[androidx.profileinstaller:profileinstaller:1.3.1] AndroidManifest.xml:46:13-48:29
216                <action android:name="androidx.profileinstaller.action.SAVE_PROFILE" />
216-->[androidx.profileinstaller:profileinstaller:1.3.1] AndroidManifest.xml:47:17-88
216-->[androidx.profileinstaller:profileinstaller:1.3.1] AndroidManifest.xml:47:25-85
217            </intent-filter>
218            <intent-filter>
218-->[androidx.profileinstaller:profileinstaller:1.3.1] AndroidManifest.xml:49:13-51:29
219                <action android:name="androidx.profileinstaller.action.BENCHMARK_OPERATION" />
219-->[androidx.profileinstaller:profileinstaller:1.3.1] AndroidManifest.xml:50:17-95
219-->[androidx.profileinstaller:profileinstaller:1.3.1] AndroidManifest.xml:50:25-92
220            </intent-filter>
221        </receiver>
222    </application>
223
224</manifest>